<?xml version="1.0" encoding="UTF-8"?>
<testng-results skipped="0" failed="0" ignored="0" total="5" passed="5">
  <reporter-output>
  </reporter-output>
  <suite name="Default suite" duration-ms="34449" started-at="2020-07-18T11:31:55 IST" finished-at="2020-07-18T11:32:30 IST">
    <groups>
    </groups>
    <test name="Default test" duration-ms="34449" started-at="2020-07-18T11:31:55 IST" finished-at="2020-07-18T11:32:30 IST">
      <class name="com.selenium.WebsiteAutomation">
        <test-method status="PASS" signature="beforeClass()[pri:0, instance:com.selenium.WebsiteAutomation@4b741d6d]" name="beforeClass" is-config="true" duration-ms="103" started-at="2020-07-18T11:31:55 IST" finished-at="2020-07-18T11:31:56 IST">
          <reporter-output>
          </reporter-output>
        </test-method> <!-- beforeClass -->
        <test-method status="PASS" signature="begin()[pri:1, instance:com.selenium.WebsiteAutomation@4b741d6d]" name="begin" duration-ms="11241" started-at="2020-07-18T11:31:56 IST" finished-at="2020-07-18T11:32:07 IST">
          <reporter-output>
          </reporter-output>
        </test-method> <!-- begin -->
        <test-method status="PASS" signature="createAccount()[pri:2, instance:com.selenium.WebsiteAutomation@4b741d6d]" name="createAccount" duration-ms="13582" started-at="2020-07-18T11:32:07 IST" finished-at="2020-07-18T11:32:20 IST">
          <reporter-output>
          </reporter-output>
        </test-method> <!-- createAccount -->
        <test-method status="PASS" signature="login()[pri:3, instance:com.selenium.WebsiteAutomation@4b741d6d]" name="login" duration-ms="5712" started-at="2020-07-18T11:32:20 IST" finished-at="2020-07-18T11:32:26 IST">
          <reporter-output>
          </reporter-output>
        </test-method> <!-- login -->
        <test-method status="PASS" signature="search()[pri:4, instance:com.selenium.WebsiteAutomation@4b741d6d]" name="search" duration-ms="3028" started-at="2020-07-18T11:32:26 IST" finished-at="2020-07-18T11:32:29 IST">
          <reporter-output>
          </reporter-output>
        </test-method> <!-- search -->
        <test-method status="PASS" signature="addtoCart()[pri:5, instance:com.selenium.WebsiteAutomation@4b741d6d]" name="addtoCart" duration-ms="160" started-at="2020-07-18T11:32:29 IST" finished-at="2020-07-18T11:32:29 IST">
          <reporter-output>
          </reporter-output>
        </test-method> <!-- addtoCart -->
        <test-method status="PASS" signature="afterClass()[pri:0, instance:com.selenium.WebsiteAutomation@4b741d6d]" name="afterClass" is-config="true" duration-ms="473" started-at="2020-07-18T11:32:29 IST" finished-at="2020-07-18T11:32:30 IST">
          <reporter-output>
          </reporter-output>
        </test-method> <!-- afterClass -->
      </class> <!-- com.selenium.WebsiteAutomation -->
    </test> <!-- Default test -->
  </suite> <!-- Default suite -->
</testng-results>
