<?xml version="1.0" encoding="UTF-8"?>
<!-- Generated by org.testng.reporters.JUnitXMLReporter -->
<testsuite hostname="DESKTOP-QK6QO63" ignored="0" name="Default test" tests="5" failures="0" timestamp="2020-07-18T11:32:30 IST" time="34.449" errors="0">
  <testcase name="begin" time="11.241" classname="com.selenium.WebsiteAutomation"/>
  <testcase name="createAccount" time="13.582" classname="com.selenium.WebsiteAutomation"/>
  <testcase name="login" time="5.712" classname="com.selenium.WebsiteAutomation"/>
  <testcase name="search" time="3.028" classname="com.selenium.WebsiteAutomation"/>
  <testcase name="addtoCart" time="0.16" classname="com.selenium.WebsiteAutomation"/>
</testsuite> <!-- Default test -->
